#
# There is insufficient memory for the Java Runtime Environment to continue.
# Native memory allocation (malloc) failed to allocate 433616 bytes for Chunk::new
# Possible reasons:
#   The system is out of physical RAM or swap space
#   The process is running with CompressedOops enabled, and the Java Heap may be blocking the growth of the native heap
# Possible solutions:
#   Reduce memory load on the system
#   Increase physical memory or swap space
#   Check if swap backing store is full
#   Decrease Java heap size (-Xmx/-Xms)
#   Decrease number of Java threads
#   Decrease Java thread stack sizes (-Xss)
#   Set larger code cache with -XX:ReservedCodeCacheSize=
#   JVM is running with Unscaled Compressed Oops mode in which the Java heap is
#     placed in the first 4GB address space. The Java Heap base address is the
#     maximum limit for the native heap growth. Please use -XX:HeapBaseMinAddress
#     to set the Java Heap base and to place the Java Heap above 4GB virtual address.
# This output file may be truncated or incomplete.
#
#  Out of Memory Error (./src/hotspot/share/memory/arena.cpp:197), pid=10824, tid=2304
#
# JRE version: OpenJDK Runtime Environment (11.0.10) (build 11.0.10+0-b96-7249189)
# Java VM: OpenJDK 64-Bit Server VM (11.0.10+0-b96-7249189, mixed mode, tiered, compressed oops, g1 gc, windows-amd64)
# No core dump will be written. Minidumps are not enabled by default on client versions of Windows
#

---------------  S U M M A R Y ------------

Command Line: -Dorg.gradle.appname=gradlew org.gradle.wrapper.GradleWrapperMain -q -Ptarget-platform=android-x86 -Ptarget=D:\MoblieApp\Test\hw_register\lib\main.dart -Pbase-application-name=android.app.Application -Pdart-defines=Zmx1dHRlci5pbnNwZWN0b3Iuc3RydWN0dXJlZEVycm9ycz10cnVl,RkxVVFRFUl9XRUJfQVVUT19ERVRFQ1Q9dHJ1ZQ== -Pdart-obfuscation=false -Ptrack-widget-creation=true -Ptree-shake-icons=false -Pfilesystem-scheme=org-dartlang-root assembleDebug

Host: Intel(R) Core(TM) i5-8257U CPU @ 1.40GHz, 8 cores, 7G,  Windows 10 , 64 bit Build 19041 (10.0.19041.1503)
Time: Wed Feb 16 21:18:10 2022 SE Asia Standard Time elapsed time: 0.667064 seconds (0d 0h 0m 0s)

---------------  T H R E A D  ---------------

Current thread (0x000001d4f28c1000):  JavaThread "C2 CompilerThread0" daemon [_thread_in_native, id=2304, stack(0x0000005215900000,0x0000005215a00000)]


Current CompileTask:
C2:    667  771  s!   4       jdk.internal.loader.URLClassPath::getLoader (194 bytes)

Stack: [0x0000005215900000,0x0000005215a00000]
Native frames: (J=compiled Java code, j=interpreted, Vv=VM code, C=native code)
V  [jvm.dll+0x5ecfaa]
V  [jvm.dll+0x722bd5]
V  [jvm.dll+0x72412d]
V  [jvm.dll+0x7247e3]
V  [jvm.dll+0x242928]
V  [jvm.dll+0xbc4fc]
V  [jvm.dll+0xbca0c]
V  [jvm.dll+0x352d7d]
V  [jvm.dll+0x320ad3]
V  [jvm.dll+0x31ffca]
V  [jvm.dll+0x1fb602]
V  [jvm.dll+0x1fa7f4]
V  [jvm.dll+0x18354c]
V  [jvm.dll+0x208ee7]
V  [jvm.dll+0x207731]
V  [jvm.dll+0x6eb1cf]
V  [jvm.dll+0x6e3d45]
V  [jvm.dll+0x5ebe96]
C  [ucrtbase.dll+0x21bb2]
C  [KERNEL32.DLL+0x17034]
C  [ntdll.dll+0x52651]


---------------  P R O C E S S  ---------------

Threads class SMR info:
_java_thread_list=0x000001d4f33694f0, length=11, elements={
0x000001d4d7c1d800, 0x000001d4f1f3b000, 0x000001d4f1f48800, 0x000001d4f28b7800,
0x000001d4f28bb000, 0x000001d4f28bc000, 0x000001d4f28c1000, 0x000001d4f1f59800,
0x000001d4f1f5b000, 0x000001d4f2a28000, 0x000001d4f3375000
}

Java Threads: ( => current thread )
  0x000001d4d7c1d800 JavaThread "main" [_thread_blocked, id=1884, stack(0x0000005214d00000,0x0000005214e00000)]
  0x000001d4f1f3b000 JavaThread "Reference Handler" daemon [_thread_blocked, id=10944, stack(0x0000005215400000,0x0000005215500000)]
  0x000001d4f1f48800 JavaThread "Finalizer" daemon [_thread_blocked, id=11048, stack(0x0000005215500000,0x0000005215600000)]
  0x000001d4f28b7800 JavaThread "Signal Dispatcher" daemon [_thread_blocked, id=8324, stack(0x0000005215600000,0x0000005215700000)]
  0x000001d4f28bb000 JavaThread "Attach Listener" daemon [_thread_blocked, id=7432, stack(0x0000005215700000,0x0000005215800000)]
  0x000001d4f28bc000 JavaThread "Service Thread" daemon [_thread_blocked, id=10676, stack(0x0000005215800000,0x0000005215900000)]
=>0x000001d4f28c1000 JavaThread "C2 CompilerThread0" daemon [_thread_in_native, id=2304, stack(0x0000005215900000,0x0000005215a00000)]
  0x000001d4f1f59800 JavaThread "C1 CompilerThread0" daemon [_thread_blocked, id=8664, stack(0x0000005215a00000,0x0000005215b00000)]
  0x000001d4f1f5b000 JavaThread "Sweeper thread" daemon [_thread_blocked, id=6792, stack(0x0000005215b00000,0x0000005215c00000)]
  0x000001d4f2a28000 JavaThread "Common-Cleaner" daemon [_thread_blocked, id=8836, stack(0x0000005215d00000,0x0000005215e00000)]
  0x000001d4f3375000 JavaThread "pool-1-thread-1" [_thread_blocked, id=10128, stack(0x0000005215e00000,0x0000005215f00000)]

Other Threads:
  0x000001d4f1f16000 VMThread "VM Thread" [stack: 0x0000005215300000,0x0000005215400000] [id=6076]
  0x000001d4f2a27800 WatcherThread [stack: 0x0000005215c00000,0x0000005215d00000] [id=2200]
  0x000001d4d7c34000 GCTaskThread "GC Thread#0" [stack: 0x0000005214e00000,0x0000005214f00000] [id=2404]
  0x000001d4f32d3800 GCTaskThread "GC Thread#1" [stack: 0x0000005215f00000,0x0000005216000000] [id=9104]
  0x000001d4f33d0800 GCTaskThread "GC Thread#2" [stack: 0x0000005216000000,0x0000005216100000] [id=1248]
  0x000001d4f33d5800 GCTaskThread "GC Thread#3" [stack: 0x0000005216100000,0x0000005216200000] [id=11364]
  0x000001d4d7c65000 ConcurrentGCThread "G1 Main Marker" [stack: 0x0000005214f00000,0x0000005215000000] [id=5200]
  0x000001d4d7c66800 ConcurrentGCThread "G1 Conc#0" [stack: 0x0000005215000000,0x0000005215100000] [id=2152]
  0x000001d4f1d80800 ConcurrentGCThread "G1 Refine#0" [stack: 0x0000005215100000,0x0000005215200000] [id=9028]
  0x000001d4f1d81000 ConcurrentGCThread "G1 Young RemSet Sampling" [stack: 0x0000005215200000,0x0000005215300000] [id=2688]

Threads with active compile tasks:
C2 CompilerThread0    696  771  s!   4       jdk.internal.loader.URLClassPath::getLoader (194 bytes)

VM state:at safepoint (normal execution)

VM Mutex/Monitor currently owned by a thread:  ([mutex/lock_event])
[0x000001d4d7c19c20] Threads_lock - owner thread: 0x000001d4f1f16000
[0x000001d4d7c186c0] Heap_lock - owner thread: 0x000001d4d7c1d800

Heap address: 0x0000000082600000, size: 2010 MB, Compressed Oops mode: 32-bit
Narrow klass base: 0x0000000000000000, Narrow klass shift: 3
Compressed class space size: 1073741824 Address: 0x0000000100000000

Heap:
 garbage-first heap   total 129024K, used 28147K [0x0000000082600000, 0x0000000100000000)
  region size 1024K, 25 young (25600K), 3 survivors (3072K)
 Metaspace       used 10708K, capacity 10892K, committed 11008K, reserved 1064960K
  class space    used 1128K, capacity 1225K, committed 1280K, reserved 1048576K
Heap Regions: E=young(eden), S=young(survivor), O=old, HS=humongous(starts), HC=humongous(continues), CS=collection set, F=free, A=archive, TAMS=top-at-mark-start (previous, next)
|   0|0x0000000082600000, 0x0000000082700000, 0x0000000082700000|100%|HS|  |TAMS 0x0000000082600000, 0x0000000082700000| Complete 
|   1|0x0000000082700000, 0x0000000082800000, 0x0000000082800000|100%|HC|  |TAMS 0x0000000082700000, 0x0000000082800000| Complete 
|   2|0x0000000082800000, 0x0000000082900000, 0x0000000082900000|100%|HC|  |TAMS 0x0000000082800000, 0x0000000082900000| Complete 
|   3|0x0000000082900000, 0x0000000082a00000, 0x0000000082a00000|100%|HS|  |TAMS 0x0000000082900000, 0x0000000082a00000| Complete 
|   4|0x0000000082a00000, 0x0000000082b00000, 0x0000000082b00000|100%|HC|  |TAMS 0x0000000082a00000, 0x0000000082b00000| Complete 
|   5|0x0000000082b00000, 0x0000000082c00000, 0x0000000082c00000|100%|HC|  |TAMS 0x0000000082b00000, 0x0000000082c00000| Complete 
|   6|0x0000000082c00000, 0x0000000082d00000, 0x0000000082d00000|100%| O|  |TAMS 0x0000000082c00000, 0x0000000082d00000| Untracked 
|   7|0x0000000082d00000, 0x0000000082dd4528, 0x0000000082e00000| 82%| O|  |TAMS 0x0000000082d00000, 0x0000000082e00000| Untracked 
|   8|0x0000000082e00000, 0x0000000082e00000, 0x0000000082f00000|  0%| F|  |TAMS 0x0000000082e00000, 0x0000000082e00000| Untracked 
|   9|0x0000000082f00000, 0x0000000082f00000, 0x0000000083000000|  0%| F|  |TAMS 0x0000000082f00000, 0x0000000082f00000| Untracked 
|  10|0x0000000083000000, 0x0000000083000000, 0x0000000083100000|  0%| F|  |TAMS 0x0000000083000000, 0x0000000083000000| Untracked 
|  11|0x0000000083100000, 0x0000000083100000, 0x0000000083200000|  0%| F|  |TAMS 0x0000000083100000, 0x0000000083100000| Untracked 
|  12|0x0000000083200000, 0x0000000083200000, 0x0000000083300000|  0%| F|  |TAMS 0x0000000083200000, 0x0000000083200000| Untracked 
|  13|0x0000000083300000, 0x0000000083300000, 0x0000000083400000|  0%| F|  |TAMS 0x0000000083300000, 0x0000000083300000| Untracked 
|  14|0x0000000083400000, 0x0000000083400000, 0x0000000083500000|  0%| F|  |TAMS 0x0000000083400000, 0x0000000083400000| Untracked 
|  15|0x0000000083500000, 0x0000000083500000, 0x0000000083600000|  0%| F|  |TAMS 0x0000000083500000, 0x0000000083500000| Untracked 
|  16|0x0000000083600000, 0x0000000083600000, 0x0000000083700000|  0%| F|  |TAMS 0x0000000083600000, 0x0000000083600000| Untracked 
|  17|0x0000000083700000, 0x0000000083700000, 0x0000000083800000|  0%| F|  |TAMS 0x0000000083700000, 0x0000000083700000| Untracked 
|  18|0x0000000083800000, 0x0000000083800000, 0x0000000083900000|  0%| F|  |TAMS 0x0000000083800000, 0x0000000083800000| Untracked 
|  19|0x0000000083900000, 0x0000000083900000, 0x0000000083a00000|  0%| F|  |TAMS 0x0000000083900000, 0x0000000083900000| Untracked 
|  20|0x0000000083a00000, 0x0000000083a00000, 0x0000000083b00000|  0%| F|  |TAMS 0x0000000083a00000, 0x0000000083a00000| Untracked 
|  21|0x0000000083b00000, 0x0000000083b00000, 0x0000000083c00000|  0%| F|  |TAMS 0x0000000083b00000, 0x0000000083b00000| Untracked 
|  22|0x0000000083c00000, 0x0000000083c00000, 0x0000000083d00000|  0%| F|  |TAMS 0x0000000083c00000, 0x0000000083c00000| Untracked 
|  23|0x0000000083d00000, 0x0000000083d00000, 0x0000000083e00000|  0%| F|  |TAMS 0x0000000083d00000, 0x0000000083d00000| Untracked 
|  24|0x0000000083e00000, 0x0000000083e00000, 0x0000000083f00000|  0%| F|  |TAMS 0x0000000083e00000, 0x0000000083e00000| Untracked 
|  25|0x0000000083f00000, 0x0000000083f00000, 0x0000000084000000|  0%| F|  |TAMS 0x0000000083f00000, 0x0000000083f00000| Untracked 
|  26|0x0000000084000000, 0x0000000084000000, 0x0000000084100000|  0%| F|  |TAMS 0x0000000084000000, 0x0000000084000000| Untracked 
|  27|0x0000000084100000, 0x0000000084100000, 0x0000000084200000|  0%| F|  |TAMS 0x0000000084100000, 0x0000000084100000| Untracked 
|  28|0x0000000084200000, 0x0000000084200000, 0x0000000084300000|  0%| F|  |TAMS 0x0000000084200000, 0x0000000084200000| Untracked 
|  29|0x0000000084300000, 0x0000000084300000, 0x0000000084400000|  0%| F|  |TAMS 0x0000000084300000, 0x0000000084300000| Untracked 
|  30|0x0000000084400000, 0x0000000084400000, 0x0000000084500000|  0%| F|  |TAMS 0x0000000084400000, 0x0000000084400000| Untracked 
|  31|0x0000000084500000, 0x0000000084500000, 0x0000000084600000|  0%| F|  |TAMS 0x0000000084500000, 0x0000000084500000| Untracked 
|  32|0x0000000084600000, 0x0000000084600000, 0x0000000084700000|  0%| F|  |TAMS 0x0000000084600000, 0x0000000084600000| Untracked 
|  33|0x0000000084700000, 0x0000000084700000, 0x0000000084800000|  0%| F|  |TAMS 0x0000000084700000, 0x0000000084700000| Untracked 
|  34|0x0000000084800000, 0x0000000084800000, 0x0000000084900000|  0%| F|  |TAMS 0x0000000084800000, 0x0000000084800000| Untracked 
|  35|0x0000000084900000, 0x0000000084900000, 0x0000000084a00000|  0%| F|  |TAMS 0x0000000084900000, 0x0000000084900000| Untracked 
|  36|0x0000000084a00000, 0x0000000084a00000, 0x0000000084b00000|  0%| F|  |TAMS 0x0000000084a00000, 0x0000000084a00000| Untracked 
|  37|0x0000000084b00000, 0x0000000084b00000, 0x0000000084c00000|  0%| F|  |TAMS 0x0000000084b00000, 0x0000000084b00000| Untracked 
|  38|0x0000000084c00000, 0x0000000084c00000, 0x0000000084d00000|  0%| F|  |TAMS 0x0000000084c00000, 0x0000000084c00000| Untracked 
|  39|0x0000000084d00000, 0x0000000084d00000, 0x0000000084e00000|  0%| F|  |TAMS 0x0000000084d00000, 0x0000000084d00000| Untracked 
|  40|0x0000000084e00000, 0x0000000084e00000, 0x0000000084f00000|  0%| F|  |TAMS 0x0000000084e00000, 0x0000000084e00000| Untracked 
|  41|0x0000000084f00000, 0x0000000084f00000, 0x0000000085000000|  0%| F|  |TAMS 0x0000000084f00000, 0x0000000084f00000| Untracked 
|  42|0x0000000085000000, 0x0000000085000000, 0x0000000085100000|  0%| F|  |TAMS 0x0000000085000000, 0x0000000085000000| Untracked 
|  43|0x0000000085100000, 0x0000000085100000, 0x0000000085200000|  0%| F|  |TAMS 0x0000000085100000, 0x0000000085100000| Untracked 
|  44|0x0000000085200000, 0x0000000085200000, 0x0000000085300000|  0%| F|  |TAMS 0x0000000085200000, 0x0000000085200000| Untracked 
|  45|0x0000000085300000, 0x0000000085300000, 0x0000000085400000|  0%| F|  |TAMS 0x0000000085300000, 0x0000000085300000| Untracked 
|  46|0x0000000085400000, 0x0000000085400000, 0x0000000085500000|  0%| F|  |TAMS 0x0000000085400000, 0x0000000085400000| Untracked 
|  47|0x0000000085500000, 0x0000000085500000, 0x0000000085600000|  0%| F|  |TAMS 0x0000000085500000, 0x0000000085500000| Untracked 
|  48|0x0000000085600000, 0x0000000085600000, 0x0000000085700000|  0%| F|  |TAMS 0x0000000085600000, 0x0000000085600000| Untracked 
|  49|0x0000000085700000, 0x0000000085700000, 0x0000000085800000|  0%| F|  |TAMS 0x0000000085700000, 0x0000000085700000| Untracked 
|  50|0x0000000085800000, 0x0000000085800000, 0x0000000085900000|  0%| F|  |TAMS 0x0000000085800000, 0x0000000085800000| Untracked 
|  51|0x0000000085900000, 0x0000000085900000, 0x0000000085a00000|  0%| F|  |TAMS 0x0000000085900000, 0x0000000085900000| Untracked 
|  52|0x0000000085a00000, 0x0000000085a00000, 0x0000000085b00000|  0%| F|  |TAMS 0x0000000085a00000, 0x0000000085a00000| Untracked 
|  53|0x0000000085b00000, 0x0000000085b00000, 0x0000000085c00000|  0%| F|  |TAMS 0x0000000085b00000, 0x0000000085b00000| Untracked 
|  54|0x0000000085c00000, 0x0000000085c00000, 0x0000000085d00000|  0%| F|  |TAMS 0x0000000085c00000, 0x0000000085c00000| Untracked 
|  55|0x0000000085d00000, 0x0000000085d00000, 0x0000000085e00000|  0%| F|  |TAMS 0x0000000085d00000, 0x0000000085d00000| Untracked 
|  56|0x0000000085e00000, 0x0000000085e00000, 0x0000000085f00000|  0%| F|  |TAMS 0x0000000085e00000, 0x0000000085e00000| Untracked 
|  57|0x0000000085f00000, 0x0000000085f00000, 0x0000000086000000|  0%| F|  |TAMS 0x0000000085f00000, 0x0000000085f00000| Untracked 
|  58|0x0000000086000000, 0x0000000086000000, 0x0000000086100000|  0%| F|  |TAMS 0x0000000086000000, 0x0000000086000000| Untracked 
|  59|0x0000000086100000, 0x0000000086100000, 0x0000000086200000|  0%| F|  |TAMS 0x0000000086100000, 0x0000000086100000| Untracked 
|  60|0x0000000086200000, 0x0000000086200000, 0x0000000086300000|  0%| F|  |TAMS 0x0000000086200000, 0x0000000086200000| Untracked 
|  61|0x0000000086300000, 0x0000000086300000, 0x0000000086400000|  0%| F|  |TAMS 0x0000000086300000, 0x0000000086300000| Untracked 
|  62|0x0000000086400000, 0x0000000086400000, 0x0000000086500000|  0%| F|  |TAMS 0x0000000086400000, 0x0000000086400000| Untracked 
|  63|0x0000000086500000, 0x0000000086500000, 0x0000000086600000|  0%| F|  |TAMS 0x0000000086500000, 0x0000000086500000| Untracked 
|  64|0x0000000086600000, 0x0000000086600000, 0x0000000086700000|  0%| F|  |TAMS 0x0000000086600000, 0x0000000086600000| Untracked 
|  65|0x0000000086700000, 0x0000000086700000, 0x0000000086800000|  0%| F|  |TAMS 0x0000000086700000, 0x0000000086700000| Untracked 
|  66|0x0000000086800000, 0x0000000086800000, 0x0000000086900000|  0%| F|  |TAMS 0x0000000086800000, 0x0000000086800000| Untracked 
|  67|0x0000000086900000, 0x0000000086900000, 0x0000000086a00000|  0%| F|  |TAMS 0x0000000086900000, 0x0000000086900000| Untracked 
|  68|0x0000000086a00000, 0x0000000086a00000, 0x0000000086b00000|  0%| F|  |TAMS 0x0000000086a00000, 0x0000000086a00000| Untracked 
|  69|0x0000000086b00000, 0x0000000086b00000, 0x0000000086c00000|  0%| F|  |TAMS 0x0000000086b00000, 0x0000000086b00000| Untracked 
|  70|0x0000000086c00000, 0x0000000086c00000, 0x0000000086d00000|  0%| F|  |TAMS 0x0000000086c00000, 0x0000000086c00000| Untracked 
|  71|0x0000000086d00000, 0x0000000086d00000, 0x0000000086e00000|  0%| F|  |TAMS 0x0000000086d00000, 0x0000000086d00000| Untracked 
|  72|0x0000000086e00000, 0x0000000086e00000, 0x0000000086f00000|  0%| F|  |TAMS 0x0000000086e00000, 0x0000000086e00000| Untracked 
|  73|0x0000000086f00000, 0x0000000086f00000, 0x0000000087000000|  0%| F|  |TAMS 0x0000000086f00000, 0x0000000086f00000| Untracked 
|  74|0x0000000087000000, 0x0000000087000000, 0x0000000087100000|  0%| F|  |TAMS 0x0000000087000000, 0x0000000087000000| Untracked 
|  75|0x0000000087100000, 0x0000000087100000, 0x0000000087200000|  0%| F|  |TAMS 0x0000000087100000, 0x0000000087100000| Untracked 
|  76|0x0000000087200000, 0x0000000087200000, 0x0000000087300000|  0%| F|  |TAMS 0x0000000087200000, 0x0000000087200000| Untracked 
|  77|0x0000000087300000, 0x0000000087300000, 0x0000000087400000|  0%| F|  |TAMS 0x0000000087300000, 0x0000000087300000| Untracked 
|  78|0x0000000087400000, 0x0000000087400000, 0x0000000087500000|  0%| F|  |TAMS 0x0000000087400000, 0x0000000087400000| Untracked 
|  79|0x0000000087500000, 0x0000000087500000, 0x0000000087600000|  0%| F|  |TAMS 0x0000000087500000, 0x0000000087500000| Untracked 
|  80|0x0000000087600000, 0x0000000087600000, 0x0000000087700000|  0%| F|  |TAMS 0x0000000087600000, 0x0000000087600000| Untracked 
|  81|0x0000000087700000, 0x0000000087700000, 0x0000000087800000|  0%| F|  |TAMS 0x0000000087700000, 0x0000000087700000| Untracked 
|  82|0x0000000087800000, 0x0000000087800000, 0x0000000087900000|  0%| F|  |TAMS 0x0000000087800000, 0x0000000087800000| Untracked 
|  83|0x0000000087900000, 0x0000000087900000, 0x0000000087a00000|  0%| F|  |TAMS 0x0000000087900000, 0x0000000087900000| Untracked 
|  84|0x0000000087a00000, 0x0000000087a00000, 0x0000000087b00000|  0%| F|  |TAMS 0x0000000087a00000, 0x0000000087a00000| Untracked 
|  85|0x0000000087b00000, 0x0000000087b00000, 0x0000000087c00000|  0%| F|  |TAMS 0x0000000087b00000, 0x0000000087b00000| Untracked 
|  86|0x0000000087c00000, 0x0000000087c00000, 0x0000000087d00000|  0%| F|  |TAMS 0x0000000087c00000, 0x0000000087c00000| Untracked 
|  87|0x0000000087d00000, 0x0000000087d00000, 0x0000000087e00000|  0%| F|  |TAMS 0x0000000087d00000, 0x0000000087d00000| Untracked 
|  88|0x0000000087e00000, 0x0000000087e00000, 0x0000000087f00000|  0%| F|  |TAMS 0x0000000087e00000, 0x0000000087e00000| Untracked 
|  89|0x0000000087f00000, 0x0000000087f00000, 0x0000000088000000|  0%| F|  |TAMS 0x0000000087f00000, 0x0000000087f00000| Untracked 
|  90|0x0000000088000000, 0x0000000088000000, 0x0000000088100000|  0%| F|  |TAMS 0x0000000088000000, 0x0000000088000000| Untracked 
|  91|0x0000000088100000, 0x0000000088100000, 0x0000000088200000|  0%| F|  |TAMS 0x0000000088100000, 0x0000000088100000| Untracked 
|  92|0x0000000088200000, 0x0000000088200000, 0x0000000088300000|  0%| F|  |TAMS 0x0000000088200000, 0x0000000088200000| Untracked 
|  93|0x0000000088300000, 0x0000000088300000, 0x0000000088400000|  0%| F|  |TAMS 0x0000000088300000, 0x0000000088300000| Untracked 
|  94|0x0000000088400000, 0x0000000088400000, 0x0000000088500000|  0%| F|  |TAMS 0x0000000088400000, 0x0000000088400000| Untracked 
|  95|0x0000000088500000, 0x0000000088500000, 0x0000000088600000|  0%| F|  |TAMS 0x0000000088500000, 0x0000000088500000| Untracked 
|  96|0x0000000088600000, 0x0000000088600000, 0x0000000088700000|  0%| F|  |TAMS 0x0000000088600000, 0x0000000088600000| Untracked 
|  97|0x0000000088700000, 0x0000000088700000, 0x0000000088800000|  0%| F|  |TAMS 0x0000000088700000, 0x0000000088700000| Untracked 
|  98|0x0000000088800000, 0x0000000088800000, 0x0000000088900000|  0%| F|  |TAMS 0x0000000088800000, 0x0000000088800000| Untracked 
|  99|0x0000000088900000, 0x0000000088900000, 0x0000000088a00000|  0%| F|  |TAMS 0x0000000088900000, 0x0000000088900000| Untracked 
| 100|0x0000000088a00000, 0x0000000088a00000, 0x0000000088b00000|  0%| F|  |TAMS 0x0000000088a00000, 0x0000000088a00000| Untracked 
| 101|0x0000000088b00000, 0x0000000088c00000, 0x0000000088c00000|100%| S|CS|TAMS 0x0000000088b00000, 0x0000000088b00000| Complete 
| 102|0x0000000088c00000, 0x0000000088d00000, 0x0000000088d00000|100%| S|CS|TAMS 0x0000000088c00000, 0x0000000088c00000| Complete 
| 103|0x0000000088d00000, 0x0000000088e00000, 0x0000000088e00000|100%| S|CS|TAMS 0x0000000088d00000, 0x0000000088d00000| Complete 
| 104|0x0000000088e00000, 0x0000000088e00000, 0x0000000088f00000|  0%| F|  |TAMS 0x0000000088e00000, 0x0000000088e00000| Untracked 
| 105|0x0000000088f00000, 0x0000000088f00000, 0x0000000089000000|  0%| F|  |TAMS 0x0000000088f00000, 0x0000000088f00000| Untracked 
| 106|0x0000000089000000, 0x0000000089000000, 0x0000000089100000|  0%| F|  |TAMS 0x0000000089000000, 0x0000000089000000| Untracked 
| 107|0x0000000089100000, 0x0000000089100000, 0x0000000089200000|  0%| F|  |TAMS 0x0000000089100000, 0x0000000089100000| Untracked 
| 108|0x0000000089200000, 0x0000000089200000, 0x0000000089300000|  0%| F|  |TAMS 0x0000000089200000, 0x0000000089200000| Untracked 
| 109|0x0000000089300000, 0x0000000089300000, 0x0000000089400000|  0%| F|  |TAMS 0x0000000089300000, 0x0000000089300000| Untracked 
| 110|0x0000000089400000, 0x0000000089400000, 0x0000000089500000|  0%| F|  |TAMS 0x0000000089400000, 0x0000000089400000| Untracked 
| 111|0x0000000089500000, 0x0000000089500000, 0x0000000089600000|  0%| F|  |TAMS 0x0000000089500000, 0x0000000089500000| Untracked 
| 112|0x0000000089600000, 0x0000000089600000, 0x0000000089700000|  0%| F|  |TAMS 0x0000000089600000, 0x0000000089600000| Untracked 
| 113|0x0000000089700000, 0x0000000089700000, 0x0000000089800000|  0%| F|  |TAMS 0x0000000089700000, 0x0000000089700000| Untracked 
| 114|0x0000000089800000, 0x0000000089800000, 0x0000000089900000|  0%| F|  |TAMS 0x0000000089800000, 0x0000000089800000| Untracked 
| 115|0x0000000089900000, 0x0000000089900000, 0x0000000089a00000|  0%| F|  |TAMS 0x0000000089900000, 0x0000000089900000| Untracked 
| 116|0x0000000089a00000, 0x0000000089a00000, 0x0000000089b00000|  0%| F|  |TAMS 0x0000000089a00000, 0x0000000089a00000| Untracked 
| 117|0x0000000089b00000, 0x0000000089b00000, 0x0000000089c00000|  0%| F|  |TAMS 0x0000000089b00000, 0x0000000089b00000| Untracked 
| 118|0x0000000089c00000, 0x0000000089c00000, 0x0000000089d00000|  0%| F|  |TAMS 0x0000000089c00000, 0x0000000089c00000| Untracked 
| 119|0x0000000089d00000, 0x0000000089d00000, 0x0000000089e00000|  0%| F|  |TAMS 0x0000000089d00000, 0x0000000089d00000| Untracked 
| 120|0x0000000089e00000, 0x0000000089e00000, 0x0000000089f00000|  0%| F|  |TAMS 0x0000000089e00000, 0x0000000089e00000| Untracked 
| 121|0x0000000089f00000, 0x0000000089f00000, 0x000000008a000000|  0%| F|  |TAMS 0x0000000089f00000, 0x0000000089f00000| Untracked 
| 122|0x000000008a000000, 0x000000008a000000, 0x000000008a100000|  0%| F|  |TAMS 0x000000008a000000, 0x000000008a000000| Untracked 
| 123|0x000000008a100000, 0x000000008a100000, 0x000000008a200000|  0%| F|  |TAMS 0x000000008a100000, 0x000000008a100000| Untracked 
| 124|0x000000008a200000, 0x000000008a200000, 0x000000008a300000|  0%| F|  |TAMS 0x000000008a200000, 0x000000008a200000| Untracked 
| 125|0x000000008a300000, 0x000000008a300000, 0x000000008a400000|  0%| F|  |TAMS 0x000000008a300000, 0x000000008a300000| Untracked 

Card table byte_map: [0x000001d4eae30000,0x000001d4eb220000] _byte_map_base: 0x000001d4eaa1d000

Marking Bits (Prev, Next): (CMBitMap*) 0x000001d4d7c5c828, (CMBitMap*) 0x000001d4d7c5c860
 Prev Bits: [0x000001d4eb610000, 0x000001d4ed578000)
 Next Bits: [0x000001d4ed580000, 0x000001d4ef4e8000)

Polling page: 0x000001d4d7400000

Metaspace:

Usage:
  Non-class:      9.44 MB capacity,     9.36 MB (>99%) used,    75.62 KB ( <1%) free+waste,    10.56 KB ( <1%) overhead. 
      Class:      1.20 MB capacity,     1.10 MB ( 92%) used,    91.78 KB (  7%) free+waste,     5.13 KB ( <1%) overhead. 
       Both:     10.64 MB capacity,    10.46 MB ( 98%) used,   167.40 KB (  2%) free+waste,    15.69 KB ( <1%) overhead. 

Virtual space:
  Non-class space:       18.00 MB reserved,       9.50 MB ( 53%) committed 
      Class space:        1.00 GB reserved,       1.25 MB ( <1%) committed 
             Both:        1.02 GB reserved,      10.75 MB (  1%) committed 

Chunk freelists:
   Non-Class:  61.00 KB
       Class:  23.00 KB
        Both:  84.00 KB

MaxMetaspaceSize: 17179869184.00 GB
CompressedClassSpaceSize: 1.00 GB

CodeHeap 'non-profiled nmethods': size=120000Kb used=235Kb max_used=235Kb free=119764Kb
 bounds [0x000001d4e31e0000, 0x000001d4e3450000, 0x000001d4ea710000]
CodeHeap 'profiled nmethods': size=120000Kb used=1417Kb max_used=1417Kb free=118582Kb
 bounds [0x000001d4dbcb0000, 0x000001d4dbf20000, 0x000001d4e31e0000]
CodeHeap 'non-nmethods': size=5760Kb used=1079Kb max_used=1090Kb free=4681Kb
 bounds [0x000001d4db710000, 0x000001d4db980000, 0x000001d4dbcb0000]
 total_blobs=1175 nmethods=790 adapters=297
 compilation: enabled
              stopped_count=0, restarted_count=0
 full_count=0

Compilation events (20 events):
Event: 0.647 Thread 0x000001d4f1f59800  777       3       java.util.ArrayList::<init> (61 bytes)
Event: 0.648 Thread 0x000001d4f1f59800 nmethod 777 0x000001d4dbe06b90 code [0x000001d4dbe06e20, 0x000001d4dbe07978]
Event: 0.648 Thread 0x000001d4f1f59800  772       3       jdk.internal.loader.URLClassPath$JarLoader$2::getCodeSourceURL (8 bytes)
Event: 0.648 Thread 0x000001d4f1f59800 nmethod 772 0x000001d4dbe07d10 code [0x000001d4dbe07ec0, 0x000001d4dbe07fd8]
Event: 0.648 Thread 0x000001d4f1f59800  773       3       jdk.internal.loader.URLClassPath$JarLoader$2::getCodeSigners (8 bytes)
Event: 0.648 Thread 0x000001d4f1f59800 nmethod 773 0x000001d4dbe08090 code [0x000001d4dbe08240, 0x000001d4dbe08408]
Event: 0.648 Thread 0x000001d4f1f59800  776       1       java.lang.reflect.Method::getReturnType (5 bytes)
Event: 0.648 Thread 0x000001d4f1f59800 nmethod 776 0x000001d4e321a010 code [0x000001d4e321a1c0, 0x000001d4e321a278]
Event: 0.650 Thread 0x000001d4f1f59800  779       3       java.lang.invoke.MemberName::getMethodOrFieldType (72 bytes)
Event: 0.651 Thread 0x000001d4f1f59800 nmethod 779 0x000001d4dbe08510 code [0x000001d4dbe08880, 0x000001d4dbe09b28]
Event: 0.651 Thread 0x000001d4f1f59800  780       3       java.lang.invoke.MemberName::getInvocationType (56 bytes)
Event: 0.651 Thread 0x000001d4f1f59800 nmethod 780 0x000001d4dbe0a190 code [0x000001d4dbe0a3c0, 0x000001d4dbe0ac88]
Event: 0.651 Thread 0x000001d4f1f59800  781       3       java.lang.invoke.InvokerBytecodeGenerator::emitPushArgument (120 bytes)
Event: 0.652 Thread 0x000001d4f1f59800 nmethod 781 0x000001d4dbe0af10 code [0x000001d4dbe0b1e0, 0x000001d4dbe0bf88]
Event: 0.658 Thread 0x000001d4f1f59800  783       3       java.util.regex.Pattern$BmpCharProperty::match (55 bytes)
Event: 0.658 Thread 0x000001d4f1f59800 nmethod 783 0x000001d4dbe0c410 code [0x000001d4dbe0c600, 0x000001d4dbe0ca68]
Event: 0.658 Thread 0x000001d4f1f59800  784       1       java.util.Formatter$Flags::valueOf (5 bytes)
Event: 0.658 Thread 0x000001d4f1f59800 nmethod 784 0x000001d4e321a710 code [0x000001d4e321a8c0, 0x000001d4e321a978]
Event: 0.665 Thread 0x000001d4f1f59800  785       3       java.util.ArrayList::<init> (12 bytes)
Event: 0.665 Thread 0x000001d4f1f59800 nmethod 785 0x000001d4dbe0cc10 code [0x000001d4dbe0cde0, 0x000001d4dbe0d078]

GC Heap History (0 events):
No events

Deoptimization events (20 events):
Event: 0.623 Thread 0x000001d4d7c1d800 Uncommon trap: trap_request=0xffffff4d fr.pc=0x000001d4e31fbb30 relative=0x00000000000001d0
Event: 0.623 Thread 0x000001d4d7c1d800 Uncommon trap: reason=unstable_if action=reinterpret pc=0x000001d4e31fbb30 method=java.util.regex.Matcher.reset()Ljava/util/regex/Matcher; @ 47 c2
Event: 0.623 Thread 0x000001d4d7c1d800 DEOPT PACKING pc=0x000001d4e31fbb30 sp=0x0000005214dfdeb0
Event: 0.623 Thread 0x000001d4d7c1d800 DEOPT UNPACKING pc=0x000001d4db7378af sp=0x0000005214dfde38 mode 2
Event: 0.623 Thread 0x000001d4d7c1d800 Uncommon trap: trap_request=0xffffffde fr.pc=0x000001d4e31fc5f0 relative=0x00000000000003d0
Event: 0.623 Thread 0x000001d4d7c1d800 Uncommon trap: reason=class_check action=maybe_recompile pc=0x000001d4e31fc5f0 method=java.util.regex.Matcher.match(II)Z @ 121 c2
Event: 0.623 Thread 0x000001d4d7c1d800 DEOPT PACKING pc=0x000001d4e31fc5f0 sp=0x0000005214dfdf00
Event: 0.623 Thread 0x000001d4d7c1d800 DEOPT UNPACKING pc=0x000001d4db7378af sp=0x0000005214dfdea8 mode 2
Event: 0.623 Thread 0x000001d4d7c1d800 Uncommon trap: trap_request=0xffffffde fr.pc=0x000001d4e31fc5f0 relative=0x00000000000003d0
Event: 0.623 Thread 0x000001d4d7c1d800 Uncommon trap: reason=class_check action=maybe_recompile pc=0x000001d4e31fc5f0 method=java.util.regex.Matcher.match(II)Z @ 121 c2
Event: 0.623 Thread 0x000001d4d7c1d800 DEOPT PACKING pc=0x000001d4e31fc5f0 sp=0x0000005214dfdf00
Event: 0.623 Thread 0x000001d4d7c1d800 DEOPT UNPACKING pc=0x000001d4db7378af sp=0x0000005214dfdea8 mode 2
Event: 0.624 Thread 0x000001d4d7c1d800 Uncommon trap: trap_request=0xffffffde fr.pc=0x000001d4e31fc5f0 relative=0x00000000000003d0
Event: 0.624 Thread 0x000001d4d7c1d800 Uncommon trap: reason=class_check action=maybe_recompile pc=0x000001d4e31fc5f0 method=java.util.regex.Matcher.match(II)Z @ 121 c2
Event: 0.624 Thread 0x000001d4d7c1d800 DEOPT PACKING pc=0x000001d4e31fc5f0 sp=0x0000005214dfdf00
Event: 0.624 Thread 0x000001d4d7c1d800 DEOPT UNPACKING pc=0x000001d4db7378af sp=0x0000005214dfdea8 mode 2
Event: 0.624 Thread 0x000001d4d7c1d800 Uncommon trap: trap_request=0xffffffde fr.pc=0x000001d4e31fc5f0 relative=0x00000000000003d0
Event: 0.624 Thread 0x000001d4d7c1d800 Uncommon trap: reason=class_check action=maybe_recompile pc=0x000001d4e31fc5f0 method=java.util.regex.Matcher.match(II)Z @ 121 c2
Event: 0.624 Thread 0x000001d4d7c1d800 DEOPT PACKING pc=0x000001d4e31fc5f0 sp=0x0000005214dfdf00
Event: 0.624 Thread 0x000001d4d7c1d800 DEOPT UNPACKING pc=0x000001d4db7378af sp=0x0000005214dfdea8 mode 2

Classes redefined (0 events):
No events

Internal exceptions (5 events):
Event: 0.150 Thread 0x000001d4d7c1d800 Exception <a 'java/lang/NoSuchMethodError'{0x000000008a29c828}: 'int java.lang.invoke.DirectMethodHandle$Holder.invokeSpecialIFC(java.lang.Object, java.lang.Object, int)'> (0x000000008a29c828) thrown at [./src/hotspot/share/interpreter/linkResolver.cpp, line 773]
Event: 0.215 Thread 0x000001d4d7c1d800 Exception <a 'java/lang/NoSuchMethodError'{0x000000008a012910}: 'int java.lang.invoke.DirectMethodHandle$Holder.invokeStaticInit(java.lang.Object, java.lang.Object)'> (0x000000008a012910) thrown at [./src/hotspot/share/interpreter/linkResolver.cpp, line 773]
Event: 0.249 Thread 0x000001d4d7c1d800 Exception <a 'java/lang/NoSuchMethodError'{0x000000008a0c6be0}: 'int java.lang.invoke.DirectMethodHandle$Holder.invokeSpecial(java.lang.Object, java.lang.Object, java.lang.Object, java.lang.Object)'> (0x000000008a0c6be0) thrown at [./src/hotspot/share/interpreter/linkResolver.cpp, line 773]
Event: 0.641 Thread 0x000001d4d7c1d800 Exception <a 'java/lang/NoClassDefFoundError'{0x0000000089116168}: org/slf4j/impl/StaticMarkerBinder> (0x0000000089116168) thrown at [./src/hotspot/share/classfile/systemDictionary.cpp, line 220]
Event: 0.650 Thread 0x000001d4d7c1d800 Exception <a 'java/lang/NoSuchMethodError'{0x000000008919e378}: 'java.lang.Object java.lang.invoke.DirectMethodHandle$Holder.invokeVirtual(java.lang.Object, java.lang.Object, java.lang.Object, java.lang.Object, java.lang.Object)'> (0x000000008919e378) thrown at [./src/hotspot/share/interpreter/linkResolver.cpp, line 773]

Events (20 events):
Event: 0.659 loading class sun/nio/ch/Interruptible
Event: 0.659 loading class sun/nio/ch/Interruptible done
Event: 0.659 loading class java/nio/channels/spi/AbstractInterruptibleChannel$1 done
Event: 0.662 Loaded shared library C:\Users\Chompoo\.gradle\native\481b90ef2c2b5ab96622bab5346fdaaafe5c91895d4d4de1c4fe4b2e89a8011f\windows-amd64\native-platform.dll
Event: 0.662 loading class java/lang/ClassLoader$NativeLibrary$Unloader
Event: 0.662 loading class java/lang/ClassLoader$NativeLibrary$Unloader done
Event: 0.662 loading class net/rubygrapefruit/platform/internal/jni/NativeLibraryFunctions
Event: 0.662 loading class net/rubygrapefruit/platform/internal/jni/NativeLibraryFunctions done
Event: 0.663 loading class net/rubygrapefruit/platform/terminal/Terminals$Output
Event: 0.663 loading class net/rubygrapefruit/platform/terminal/Terminals$Output done
Event: 0.663 loading class org/gradle/internal/nativeintegration/jansi/JansiOperatingSystemSupport
Event: 0.663 loading class org/gradle/internal/nativeintegration/jansi/JansiOperatingSystemSupport done
Event: 0.664 loading class org/gradle/internal/nativeintegration/jansi/JansiLibraryFactory$1
Event: 0.664 loading class org/gradle/internal/nativeintegration/jansi/JansiLibraryFactory$1 done
Event: 0.664 loading class org/gradle/internal/nativeintegration/jansi/JansiLibrary
Event: 0.664 loading class org/gradle/internal/nativeintegration/jansi/JansiLibrary done
Event: 0.664 loading class org/fusesource/jansi/Ansi
Event: 0.664 loading class org/fusesource/jansi/Ansi done
Event: 0.666 loading class org/gradle/internal/nativeintegration/jansi/JansiStorage
Event: 0.666 loading class org/gradle/internal/nativeintegration/jansi/JansiStorage done


Dynamic libraries:
0x00007ff7d5cb0000 - 0x00007ff7d5cba000 	C:\Program Files\Android\Android Studio\jre\bin\java.exe
0x00007ff8a1530000 - 0x00007ff8a1725000 	C:\Windows\SYSTEM32\ntdll.dll
0x00007ff89f580000 - 0x00007ff89f63e000 	C:\Windows\System32\KERNEL32.DLL
0x00007ff89ed60000 - 0x00007ff89f028000 	C:\Windows\System32\KERNELBASE.dll
0x00007ff89f030000 - 0x00007ff89f130000 	C:\Windows\System32\ucrtbase.dll
0x00007ff896da0000 - 0x00007ff896db9000 	C:\Program Files\Android\Android Studio\jre\bin\jli.dll
0x00007ff896d80000 - 0x00007ff896d97000 	C:\Program Files\Android\Android Studio\jre\bin\VCRUNTIME140.dll
0x00007ff8a0cb0000 - 0x00007ff8a0e50000 	C:\Windows\System32\USER32.dll
0x00007ff888430000 - 0x00007ff8886ca000 	C:\Windows\WinSxS\amd64_microsoft.windows.common-controls_6595b64144ccf1df_6.0.19041.1110_none_60b5254171f9507e\COMCTL32.dll
0x00007ff89f210000 - 0x00007ff89f232000 	C:\Windows\System32\win32u.dll
0x00007ff8a0550000 - 0x00007ff8a057b000 	C:\Windows\System32\GDI32.dll
0x00007ff8a0bb0000 - 0x00007ff8a0c4e000 	C:\Windows\System32\msvcrt.dll
0x00007ff89f3d0000 - 0x00007ff89f4dd000 	C:\Windows\System32\gdi32full.dll
0x00007ff89f4e0000 - 0x00007ff89f57d000 	C:\Windows\System32\msvcp_win.dll
0x00007ff8a0580000 - 0x00007ff8a05b0000 	C:\Windows\System32\IMM32.DLL
0x00007ff88b8a0000 - 0x00007ff88b93d000 	C:\Program Files\Android\Android Studio\jre\bin\msvcp140.dll
0x00007ff85d760000 - 0x00007ff85e22f000 	C:\Program Files\Android\Android Studio\jre\bin\server\jvm.dll
0x00007ff8a0e50000 - 0x00007ff8a0efe000 	C:\Windows\System32\ADVAPI32.dll
0x00007ff89fad0000 - 0x00007ff89fb6c000 	C:\Windows\System32\sechost.dll
0x00007ff89f7c0000 - 0x00007ff89f8e5000 	C:\Windows\System32\RPCRT4.dll
0x00007ff8a0ba0000 - 0x00007ff8a0ba8000 	C:\Windows\System32\PSAPI.DLL
0x00007ff8814d0000 - 0x00007ff8814d9000 	C:\Windows\SYSTEM32\WSOCK32.dll
0x00007ff880600000 - 0x00007ff880627000 	C:\Windows\SYSTEM32\WINMM.dll
0x00007ff898300000 - 0x00007ff89830a000 	C:\Windows\SYSTEM32\VERSION.dll
0x00007ff8a02c0000 - 0x00007ff8a032b000 	C:\Windows\System32\WS2_32.dll
0x00007ff89cb30000 - 0x00007ff89cb42000 	C:\Windows\SYSTEM32\kernel.appcore.dll
0x00007ff8814b0000 - 0x00007ff8814c1000 	C:\Program Files\Android\Android Studio\jre\bin\verify.dll
0x00007ff899ba0000 - 0x00007ff899d84000 	C:\Windows\SYSTEM32\DBGHELP.DLL
0x00007ff896a70000 - 0x00007ff896a9c000 	C:\Windows\SYSTEM32\dbgcore.DLL
0x00007ff89f180000 - 0x00007ff89f202000 	C:\Windows\System32\bcryptPrimitives.dll
0x00007ff85ee90000 - 0x00007ff85eeb9000 	C:\Program Files\Android\Android Studio\jre\bin\java.dll
0x00007ff878b40000 - 0x00007ff878b4b000 	C:\Program Files\Android\Android Studio\jre\bin\jimage.dll
0x00007ff8693f0000 - 0x00007ff869408000 	C:\Program Files\Android\Android Studio\jre\bin\zip.dll
0x00007ff89fb70000 - 0x00007ff8a02b4000 	C:\Windows\System32\SHELL32.dll
0x00007ff89cd30000 - 0x00007ff89d4c4000 	C:\Windows\SYSTEM32\windows.storage.dll
0x00007ff8a0670000 - 0x00007ff8a09c5000 	C:\Windows\System32\combase.dll
0x00007ff89e5c0000 - 0x00007ff89e5ee000 	C:\Windows\SYSTEM32\Wldp.dll
0x00007ff89f8f0000 - 0x00007ff89f99d000 	C:\Windows\System32\SHCORE.dll
0x00007ff8a0c50000 - 0x00007ff8a0ca5000 	C:\Windows\System32\shlwapi.dll
0x00007ff89eb80000 - 0x00007ff89eb9f000 	C:\Windows\SYSTEM32\profapi.dll
0x00007ff85ee70000 - 0x00007ff85ee8a000 	C:\Program Files\Android\Android Studio\jre\bin\net.dll
0x00007ff892cb0000 - 0x00007ff892dbc000 	C:\Windows\SYSTEM32\WINHTTP.dll
0x00007ff89e320000 - 0x00007ff89e38a000 	C:\Windows\system32\mswsock.dll
0x00007ff85ee50000 - 0x00007ff85ee64000 	C:\Program Files\Android\Android Studio\jre\bin\nio.dll
0x00007ff8876d0000 - 0x00007ff8876f7000 	C:\Users\Chompoo\.gradle\native\481b90ef2c2b5ab96622bab5346fdaaafe5c91895d4d4de1c4fe4b2e89a8011f\windows-amd64\native-platform.dll

dbghelp: loaded successfully - version: 4.0.5 - missing functions: none
symbol engine: initialized successfully - sym options: 0x614 - pdb path: .;C:\Program Files\Android\Android Studio\jre\bin;C:\Windows\SYSTEM32;C:\Windows\WinSxS\amd64_microsoft.windows.common-controls_6595b64144ccf1df_6.0.19041.1110_none_60b5254171f9507e;C:\Program Files\Android\Android Studio\jre\bin\server;C:\Users\Chompoo\.gradle\native\481b90ef2c2b5ab96622bab5346fdaaafe5c91895d4d4de1c4fe4b2e89a8011f\windows-amd64

VM Arguments:
jvm_args: -Dorg.gradle.appname=gradlew 
java_command: org.gradle.wrapper.GradleWrapperMain -q -Ptarget-platform=android-x86 -Ptarget=D:\MoblieApp\Test\hw_register\lib\main.dart -Pbase-application-name=android.app.Application -Pdart-defines=Zmx1dHRlci5pbnNwZWN0b3Iuc3RydWN0dXJlZEVycm9ycz10cnVl,RkxVVFRFUl9XRUJfQVVUT19ERVRFQ1Q9dHJ1ZQ== -Pdart-obfuscation=false -Ptrack-widget-creation=true -Ptree-shake-icons=false -Pfilesystem-scheme=org-dartlang-root assembleDebug
java_class_path (initial): D:\MoblieApp\Test\hw_register\android\\gradle\wrapper\gradle-wrapper.jar
Launcher Type: SUN_STANDARD

[Global flags]
     intx CICompilerCount                          = 4                                         {product} {ergonomic}
     uint ConcGCThreads                            = 2                                         {product} {ergonomic}
     uint G1ConcRefinementThreads                  = 8                                         {product} {ergonomic}
   size_t G1HeapRegionSize                         = 1048576                                   {product} {ergonomic}
    uintx GCDrainStackTargetSize                   = 64                                        {product} {ergonomic}
   size_t InitialHeapSize                          = 132120576                                 {product} {ergonomic}
   size_t MarkStackSize                            = 4194304                                   {product} {ergonomic}
   size_t MaxHeapSize                              = 2107637760                                {product} {ergonomic}
   size_t MaxNewSize                               = 1264582656                                {product} {ergonomic}
   size_t MinHeapDeltaBytes                        = 1048576                                   {product} {ergonomic}
    uintx NonNMethodCodeHeapSize                   = 5836300                                {pd product} {ergonomic}
    uintx NonProfiledCodeHeapSize                  = 122910970                              {pd product} {ergonomic}
    uintx ProfiledCodeHeapSize                     = 122910970                              {pd product} {ergonomic}
    uintx ReservedCodeCacheSize                    = 251658240                              {pd product} {ergonomic}
     bool SegmentedCodeCache                       = true                                      {product} {ergonomic}
     bool UseCompressedClassPointers               = true                                 {lp64_product} {ergonomic}
     bool UseCompressedOops                        = true                                 {lp64_product} {ergonomic}
     bool UseG1GC                                  = true                                      {product} {ergonomic}
     bool UseLargePagesIndividualAllocation        = false                                  {pd product} {ergonomic}

Logging:
Log output configuration:
 #0: stdout all=warning uptime,level,tags
 #1: stderr all=off uptime,level,tags

Environment Variables:
JAVA_HOME=C:\Program Files\Android\Android Studio\jre
CLASSPATH=D:\MoblieApp\Test\hw_register\android\\gradle\wrapper\gradle-wrapper.jar
PATH=C:\Program Files (x86)\VMware\VMware Player\bin\;C:\Windows\system32;C:\Windows;C:\Windows\System32\Wbem;C:\Windows\System32\WindowsPowerShell\v1.0\;C:\Windows\System32\OpenSSH\;C:\Program Files\Git\cmd;C:\Users\Chompoo\AppData\Local\Microsoft\WindowsApps;C:\Users\Chompoo\AppData\Local\Programs\Microsoft VS Code\bin;C:\src\flutter\bin;C:\Users\Chompoo\AppData\Local\Android\Sdk\tools;C:\Users\Chompoo\AppData\Local\Android\Sdk\tools\bin;C:\Users\Chompoo\AppData\Local\Android\Sdk\platform-tools;C:\Program Files (x86)\Nmap;C:\src\flutter\bin\mingit\cmd
USERNAME=Chompoo
OS=Windows_NT
PROCESSOR_IDENTIFIER=Intel64 Family 6 Model 142 Stepping 10, GenuineIntel



---------------  S Y S T E M  ---------------

OS: Windows 10 , 64 bit Build 19041 (10.0.19041.1503)
OS uptime: 0 days 3:16 hours

CPU:total 8 (initial active 8) (4 cores per cpu, 2 threads per core) family 6 model 142 stepping 10 microcode 0xea, cmov, cx8, fxsr, mmx, sse, sse2, sse3, ssse3, sse4.1, sse4.2, popcnt, avx, avx2, aes, clmul, erms, 3dnowpref, lzcnt, ht, tsc, tscinvbit, bmi1, bmi2, adx, fma

Memory: 4k page, system-wide physical 8038M (490M free)
TotalPageFile size 12045M (AvailPageFile size 0M)
current process WorkingSet (physical memory assigned to process): 81M, peak: 81M
current process commit charge ("private bytes"): 217M, peak: 218M

vm_info: OpenJDK 64-Bit Server VM (11.0.10+0-b96-7249189) for windows-amd64 JRE (11.0.10+0-b96-7249189), built on Mar 31 2021 21:44:00 by "builder" with MS VC++ 14.0 (VS2015)

END.
